<?xml version="1.0" encoding="UTF-8"?>
<!-- Generated by org.testng.reporters.JUnitReportReporter -->
<testsuite hostname="W2012R2" name="com.demo.test.ApplicationSolutionsPageTest" tests="1" failures="0" timestamp="21 Aug 2017 04:18:07 GMT" time="1.202" errors="0">
  <testcase name="verifyButtonTextValuesUnderDrilling" time="1.202" classname="com.demo.test.ApplicationSolutionsPageTest"/>
</testsuite> <!-- com.demo.test.ApplicationSolutionsPageTest -->
