<?xml version="1.0" encoding="UTF-8"?>
<!-- Generated by org.testng.reporters.JUnitReportReporter -->
<testsuite hostname="W2012R2" name="com.demo.base.Driver" tests="2" failures="0" timestamp="20 Aug 2017 20:44:34 GMT" time="11.899" errors="0">
  <testcase name="Initialize" time="10.801" classname="com.demo.base.Driver"/>
  <testcase name="clickTest" time="1.098" classname="com.demo.base.Driver"/>
</testsuite> <!-- com.demo.base.Driver -->
