<?xml version="1.0" encoding="UTF-8"?>
<!-- Generated by org.testng.reporters.JUnitReportReporter -->
<testsuite hostname="W2012R2" name="com.demo.base.Base" tests="1" failures="0" timestamp="20 Aug 2017 23:32:14 GMT" time="2.567" errors="0">
  <testcase name="clickTest" time="2.567" classname="com.demo.base.Base"/>
</testsuite> <!-- com.demo.base.Base -->
